<?xml version="1.0" encoding="UTF-8"?>
<testng-results total="1" passed="1" failed="0" skipped="0">
  <reporter-output>
  </reporter-output>
  <suite started-at="2023-05-11T21:42:24Z" name="PricelineTest" finished-at="2023-05-11T21:42:32Z" duration-ms="8410">
    <groups>
    </groups>
    <test started-at="2023-05-11T21:42:24Z" name="Command line test" finished-at="2023-05-11T21:42:32Z" duration-ms="8410">
      <class name="PricelineTest">
        <test-method is-config="true" signature="setUpClass()[pri:0, instance:PricelineTest@5bb21b69]" started-at="2023-05-11T16:42:24Z" name="setUpClass" finished-at="2023-05-11T16:42:24Z" duration-ms="9" status="PASS">
          <reporter-output>
          </reporter-output>
        </test-method> <!-- setUpClass -->
        <test-method is-config="true" signature="setUpMethod()[pri:0, instance:PricelineTest@5bb21b69]" started-at="2023-05-11T16:42:24Z" name="setUpMethod" finished-at="2023-05-11T16:42:25Z" duration-ms="1302" status="PASS">
          <reporter-output>
          </reporter-output>
        </test-method> <!-- setUpMethod -->
        <test-method signature="testCase1()[pri:0, instance:PricelineTest@5bb21b69]" started-at="2023-05-11T16:42:25Z" name="testCase1" finished-at="2023-05-11T16:42:32Z" duration-ms="7087" status="PASS">
          <reporter-output>
          </reporter-output>
        </test-method> <!-- testCase1 -->
        <test-method is-config="true" signature="tearDownMethod()[pri:0, instance:PricelineTest@5bb21b69]" started-at="2023-05-11T16:42:32Z" name="tearDownMethod" finished-at="2023-05-11T16:42:32Z" duration-ms="0" status="PASS">
          <reporter-output>
          </reporter-output>
        </test-method> <!-- tearDownMethod -->
        <test-method is-config="true" signature="tearDownClass()[pri:0, instance:PricelineTest@5bb21b69]" started-at="2023-05-11T16:42:32Z" name="tearDownClass" finished-at="2023-05-11T16:42:32Z" duration-ms="1" status="PASS">
          <reporter-output>
          </reporter-output>
        </test-method> <!-- tearDownClass -->
      </class> <!-- PricelineTest -->
    </test> <!-- Command line test -->
  </suite> <!-- PricelineTest -->
</testng-results>
